<?xml version="1.0" encoding="UTF-8"?>
<testsuite name="MainTest" tests="6" skipped="0" failures="0" errors="0" timestamp="2022-06-18T11:38:14" hostname="MacBook-Pro-Mihail-3.local" time="0.222">
  <properties/>
  <testcase name="jsonUserTest()" classname="MainTest" time="0.087"/>
  <testcase name="testParse()" classname="MainTest" time="0.004"/>
  <testcase name="jsonUsersSizeTest()" classname="MainTest" time="0.006"/>
  <testcase name="outputFileIsCorrect()" classname="MainTest" time="0.031"/>
  <testcase name="incomeFileNotCorrect()" classname="MainTest" time="0.007"/>
  <testcase name="validateTest()" classname="MainTest" time="0.082"/>
  <system-out><![CDATA[]]></system-out>
  <system-err><![CDATA[]]></system-err>
</testsuite>
